<?xml version="1.0" encoding="UTF-8"?>
<!-- Generated by org.testng.reporters.JUnitReportReporter -->
<testsuite name="testcases.TC_001" tests="3" time="32.487" ignored="0" failures="0" timestamp="08 Jun 2017 12:45:22 GMT" skipped="0" hostname="DT-ARRCHNNA" errors="0">
  <testcase name="test1" time="4.209" classname="testcases.TC_001"/>
  <testcase name="test3" time="28.111" classname="testcases.TC_001"/>
  <testcase name="test2" time="0.167" classname="testcases.TC_001"/>
</testsuite> <!-- testcases.TC_001 -->
